Performing C SOURCE FILE Test CMAKE_HAVE_LIBC_PTHREAD failed with the following output:
Change Dir: /.home/student1/imrovmir/PPR/Cpp/build/CMakeFiles/CMakeTmp

Run Build Command(s):/usr/bin/make -f Makefile cmTC_9fc7f/fast && make: Warning: File 'Makefile' has modification time 1395 s in the future
/usr/bin/make  -f CMakeFiles/cmTC_9fc7f.dir/build.make CMakeFiles/cmTC_9fc7f.dir/build
make[1]: Entering directory '/.home/student1/imrovmir/PPR/Cpp/build/CMakeFiles/CMakeTmp'
make[1]: Warning: File 'CMakeFiles/cmTC_9fc7f.dir/flags.make' has modification time 1395 s in the future
Building C object CMakeFiles/cmTC_9fc7f.dir/src.c.o
/usr/bin/gcc -DCMAKE_HAVE_LIBC_PTHREAD   -o CMakeFiles/cmTC_9fc7f.dir/src.c.o -c /.home/student1/imrovmir/PPR/Cpp/build/CMakeFiles/CMakeTmp/src.c
Linking C executable cmTC_9fc7f
/home/linuxbrew/.linuxbrew/Cellar/cmake/3.24.3/bin/cmake -E cmake_link_script CMakeFiles/cmTC_9fc7f.dir/link.txt --verbose=1
/usr/bin/gcc CMakeFiles/cmTC_9fc7f.dir/src.c.o -o cmTC_9fc7f 
/usr/bin/ld: CMakeFiles/cmTC_9fc7f.dir/src.c.o: in function `main':
src.c:(.text+0x46): undefined reference to `pthread_create'
/usr/bin/ld: src.c:(.text+0x52): undefined reference to `pthread_detach'
/usr/bin/ld: src.c:(.text+0x5e): undefined reference to `pthread_cancel'
/usr/bin/ld: src.c:(.text+0x6f): undefined reference to `pthread_join'
collect2: error: ld returned 1 exit status
make[1]: *** [CMakeFiles/cmTC_9fc7f.dir/build.make:99: cmTC_9fc7f] Error 1
make[1]: Leaving directory '/.home/student1/imrovmir/PPR/Cpp/build/CMakeFiles/CMakeTmp'
make: *** [Makefile:127: cmTC_9fc7f/fast] Error 2


Source file was:
#include <pthread.h>

static void* test_func(void* data)
{
  return data;
}

int main(void)
{
  pthread_t thread;
  pthread_create(&thread, NULL, test_func, NULL);
  pthread_detach(thread);
  pthread_cancel(thread);
  pthread_join(thread, NULL);
  pthread_atfork(NULL, NULL, NULL);
  pthread_exit(NULL);

  return 0;
}

Determining if the function pthread_create exists in the pthreads failed with the following output:
Change Dir: /.home/student1/imrovmir/PPR/Cpp/build/CMakeFiles/CMakeTmp

Run Build Command(s):/usr/bin/make -f Makefile cmTC_ef730/fast && make: Warning: File 'Makefile' has modification time 1395 s in the future
/usr/bin/make  -f CMakeFiles/cmTC_ef730.dir/build.make CMakeFiles/cmTC_ef730.dir/build
make[1]: Entering directory '/.home/student1/imrovmir/PPR/Cpp/build/CMakeFiles/CMakeTmp'
make[1]: Warning: File 'CMakeFiles/cmTC_ef730.dir/flags.make' has modification time 1395 s in the future
Building C object CMakeFiles/cmTC_ef730.dir/CheckFunctionExists.c.o
/usr/bin/gcc   -DCHECK_FUNCTION_EXISTS=pthread_create -o CMakeFiles/cmTC_ef730.dir/CheckFunctionExists.c.o -c /home/linuxbrew/.linuxbrew/Cellar/cmake/3.24.3/share/cmake/Modules/CheckFunctionExists.c
Linking C executable cmTC_ef730
/home/linuxbrew/.linuxbrew/Cellar/cmake/3.24.3/bin/cmake -E cmake_link_script CMakeFiles/cmTC_ef730.dir/link.txt --verbose=1
/usr/bin/gcc  -DCHECK_FUNCTION_EXISTS=pthread_create CMakeFiles/cmTC_ef730.dir/CheckFunctionExists.c.o -o cmTC_ef730  -lpthreads 
/usr/bin/ld: cannot find -lpthreads
collect2: error: ld returned 1 exit status
make[1]: *** [CMakeFiles/cmTC_ef730.dir/build.make:99: cmTC_ef730] Error 1
make[1]: Leaving directory '/.home/student1/imrovmir/PPR/Cpp/build/CMakeFiles/CMakeTmp'
make: *** [Makefile:127: cmTC_ef730/fast] Error 2



